0 info it worked if it ends with ok
1 verbose cli [ 'C:\\Program Files\\nodejs\\node.exe',
1 verbose cli   'C:\\Program Files\\nodejs\\node_modules\\npm\\bin\\npm-cli.js',
1 verbose cli   'install',
1 verbose cli   'https://github.com/litehelpers/Cordova-sqlite-storage.git',
1 verbose cli   '--production',
1 verbose cli   '--save' ]
2 info using npm@3.10.10
3 info using node@v6.10.3
4 silly loadCurrentTree Starting
5 silly install loadCurrentTree
6 silly install readLocalPackageData
7 silly fetchPackageMetaData https://github.com/litehelpers/Cordova-sqlite-storage.git
8 silly fetchOtherPackageData https://github.com/litehelpers/Cordova-sqlite-storage.git
9 silly cache add args [ 'https://github.com/litehelpers/Cordova-sqlite-storage.git',
9 silly cache add   null ]
10 verbose cache add spec https://github.com/litehelpers/Cordova-sqlite-storage.git
11 silly cache add parsed spec Result {
11 silly cache add   raw: 'https://github.com/litehelpers/Cordova-sqlite-storage.git',
11 silly cache add   scope: null,
11 silly cache add   escapedName: null,
11 silly cache add   name: null,
11 silly cache add   rawSpec: 'https://github.com/litehelpers/Cordova-sqlite-storage.git',
11 silly cache add   spec: 'git+https://github.com/litehelpers/Cordova-sqlite-storage.git',
11 silly cache add   type: 'hosted',
11 silly cache add   hosted:
11 silly cache add    { type: 'github',
11 silly cache add      ssh: 'git@github.com:litehelpers/Cordova-sqlite-storage.git',
11 silly cache add      sshUrl: 'git+ssh://git@github.com/litehelpers/Cordova-sqlite-storage.git',
11 silly cache add      httpsUrl: 'git+https://github.com/litehelpers/Cordova-sqlite-storage.git',
11 silly cache add      gitUrl: 'git://github.com/litehelpers/Cordova-sqlite-storage.git',
11 silly cache add      shortcut: 'github:litehelpers/Cordova-sqlite-storage',
11 silly cache add      directUrl: 'https://raw.githubusercontent.com/litehelpers/Cordova-sqlite-storage/master/package.json' } }
12 verbose addRemoteGit caching https://github.com/litehelpers/Cordova-sqlite-storage.git
13 verbose addRemoteGit git+https://github.com/litehelpers/Cordova-sqlite-storage.git is a repository hosted by github
14 silly tryClone cloning git+https://github.com/litehelpers/Cordova-sqlite-storage.git via git+https://github.com/litehelpers/Cordova-sqlite-storage.git
15 verbose tryClone git-https-github-com-litehelpers-Cordova-sqlite-storage-git-c710b464 not in flight; caching
16 verbose correctMkdir C:\Users\ricardo\AppData\Roaming\npm-cache\_git-remotes correctMkdir not in flight; initializing
17 info git [ 'config', '--get', 'remote.origin.url' ]
18 silly validateExistingRemote git+https://github.com/litehelpers/Cordova-sqlite-storage.git remote.origin.url: https://github.com/litehelpers/Cordova-sqlite-storage.git
19 verbose validateExistingRemote git+https://github.com/litehelpers/Cordova-sqlite-storage.git is updating existing cached remote C:\Users\ricardo\AppData\Roaming\npm-cache\_git-remotes\git-https-github-com-litehelpers-Cordova-sqlite-storage-git-c710b464
20 info git [ 'fetch', '-a', 'origin' ]
21 verbose updateRemote git fetch -a origin (https://github.com/litehelpers/Cordova-sqlite-storage.git)
22 verbose setPermissions git+https://github.com/litehelpers/Cordova-sqlite-storage.git skipping chownr on Windows
23 verbose resolveHead git+https://github.com/litehelpers/Cordova-sqlite-storage.git original treeish: master
24 info git [ 'rev-list', '-n1', 'master' ]
25 error git rev-list -n1 master: fatal: ambiguous argument 'master': unknown revision or path not in the working tree.
25 error git rev-list -n1 master: Use '--' to separate paths from revisions, like this:
25 error git rev-list -n1 master: 'git <command> [<revision>...] -- [<file>...]'
26 silly fetchPackageMetaData Error: Command failed: git -c core.longpaths=true rev-list -n1 master
26 silly fetchPackageMetaData fatal: ambiguous argument 'master': unknown revision or path not in the working tree.
26 silly fetchPackageMetaData Use '--' to separate paths from revisions, like this:
26 silly fetchPackageMetaData 'git <command> [<revision>...] -- [<file>...]'
26 silly fetchPackageMetaData
26 silly fetchPackageMetaData     at ChildProcess.exithandler (child_process.js:204:12)
26 silly fetchPackageMetaData     at emitTwo (events.js:106:13)
26 silly fetchPackageMetaData     at ChildProcess.emit (events.js:191:7)
26 silly fetchPackageMetaData     at maybeClose (internal/child_process.js:886:16)
26 silly fetchPackageMetaData     at Process.ChildProcess._handle.onexit (internal/child_process.js:226:5)
26 silly fetchPackageMetaData  error for https://github.com/litehelpers/Cordova-sqlite-storage.git { Error: Command failed: git -c core.longpaths=true rev-list -n1 master
26 silly fetchPackageMetaData fatal: ambiguous argument 'master': unknown revision or path not in the working tree.
26 silly fetchPackageMetaData Use '--' to separate paths from revisions, like this:
26 silly fetchPackageMetaData 'git <command> [<revision>...] -- [<file>...]'
26 silly fetchPackageMetaData
26 silly fetchPackageMetaData     at ChildProcess.exithandler (child_process.js:204:12)
26 silly fetchPackageMetaData     at emitTwo (events.js:106:13)
26 silly fetchPackageMetaData     at ChildProcess.emit (events.js:191:7)
26 silly fetchPackageMetaData     at maybeClose (internal/child_process.js:886:16)
26 silly fetchPackageMetaData     at Process.ChildProcess._handle.onexit (internal/child_process.js:226:5)
26 silly fetchPackageMetaData   killed: false,
26 silly fetchPackageMetaData   code: 128,
26 silly fetchPackageMetaData   signal: null,
26 silly fetchPackageMetaData   cmd: 'git -c core.longpaths=true rev-list -n1 master' }
27 silly rollbackFailedOptional Starting
28 silly rollbackFailedOptional Finishing
29 silly runTopLevelLifecycles Finishing
30 silly install printInstalled
31 verbose stack Error: Command failed: git -c core.longpaths=true rev-list -n1 master
31 verbose stack fatal: ambiguous argument 'master': unknown revision or path not in the working tree.
31 verbose stack Use '--' to separate paths from revisions, like this:
31 verbose stack 'git <command> [<revision>...] -- [<file>...]'
31 verbose stack
31 verbose stack     at ChildProcess.exithandler (child_process.js:204:12)
31 verbose stack     at emitTwo (events.js:106:13)
31 verbose stack     at ChildProcess.emit (events.js:191:7)
31 verbose stack     at maybeClose (internal/child_process.js:886:16)
31 verbose stack     at Process.ChildProcess._handle.onexit (internal/child_process.js:226:5)
32 verbose cwd C:\projetos\wifi-max\app-wifi-ghub\wifmax_app
33 error Windows_NT 6.1.7601
34 error argv "C:\\Program Files\\nodejs\\node.exe" "C:\\Program Files\\nodejs\\node_modules\\npm\\bin\\npm-cli.js" "install" "https://github.com/litehelpers/Cordova-sqlite-storage.git" "--production" "--save"
35 error node v6.10.3
36 error npm  v3.10.10
37 error code 128
38 error Command failed: git -c core.longpaths=true rev-list -n1 master
38 error fatal: ambiguous argument 'master': unknown revision or path not in the working tree.
38 error Use '--' to separate paths from revisions, like this:
38 error 'git <command> [<revision>...] -- [<file>...]'
39 error If you need help, you may report this error at:
39 error     <https://github.com/npm/npm/issues>
40 verbose exit [ 1, true ]
